Using pre-set license
Built from '2020.2/release' branch; Version is '2020.2.4f1 (becced5a802b) revision 12504301'; Using compiler version '192528614'; Build Type 'Release'
OS: 'Windows 10 Pro; OS build 18363.1379; Version 1909; 64bit' Language: 'ru' Physical Memory: 15816 MB
BatchMode: 1, IsHumanControllingUs: 0, StartBugReporterOnCrash: 0, Is64bit: 1, IsPro: 0

 COMMAND LINE ARGUMENTS:
C:\Program Files\Unity\Hub\Editor\2020.2.4f1\Editor\Unity.exe
-adb2
-batchMode
-noUpm
-name
AssetImportWorker0
-projectPath
E:/My Games/RedVsBlue
-logFile
Logs/AssetImportWorker0.log
-srvPort
51449
Successfully changed project path to: E:/My Games/RedVsBlue
E:/My Games/RedVsBlue
Using Asset Import Pipeline V2.
Refreshing native plugins compatible for Editor in 36.75 ms, found 1 plugins.
Preloading 0 native plugins for Editor in 0.00 ms.
Initialize engine version: 2020.2.4f1 (becced5a802b)
[Subsystems] Discovering subsystems at path C:/Program Files/Unity/Hub/Editor/2020.2.4f1/Editor/Data/Resources/UnitySubsystems
[Subsystems] Discovering subsystems at path E:/My Games/RedVsBlue/Assets
GfxDevice: creating device client; threaded=0
Direct3D:
    Version:  Direct3D 11.0 [level 11.1]
    Renderer: NVIDIA GeForce GTX 960 (ID=0x1401)
    Vendor:   
    VRAM:     2007 MB
    Driver:   27.21.14.6079
Initialize mono
Mono path[0] = 'C:/Program Files/Unity/Hub/Editor/2020.2.4f1/Editor/Data/Managed'
Mono path[1] = 'C:/Program Files/Unity/Hub/Editor/2020.2.4f1/Editor/Data/MonoBleedingEdge/lib/mono/unityjit'
Mono config path = 'C:/Program Files/Unity/Hub/Editor/2020.2.4f1/Editor/Data/MonoBleedingEdge/etc'
Using monoOptions --debugger-agent=transport=dt_socket,embedding=1,server=y,suspend=n,address=127.0.0.1:56580
Begin MonoManager ReloadAssembly
Registering precompiled unity dll's ...
Register platform support module: C:/Program Files/Unity/Hub/Editor/2020.2.4f1/Editor/Data/PlaybackEngines/WindowsStandaloneSupport/UnityEditor.WindowsStandalone.Extensions.dll
Registered in 0.002359 seconds.
Native extension for WindowsStandalone target not found
Refreshing native plugins compatible for Editor in 37.28 ms, found 1 plugins.
Preloading 0 native plugins for Editor in 0.00 ms.
Invoked RoslynAnalysisRunner static constructor.
RoslynAnalysisRunner will not be running.
RoslynAnalysisRunner has terminated.
Mono: successfully reloaded assembly
- Completed reload, in  1.953 seconds
Platform modules already initialized, skipping
Registering precompiled user dll's ...
Registered in 0.000698 seconds.
Begin MonoManager ReloadAssembly
Native extension for WindowsStandalone target not found
Refreshing native plugins compatible for Editor in 37.73 ms, found 1 plugins.
Preloading 0 native plugins for Editor in 0.00 ms.
Invoked RoslynAnalysisRunner static constructor.
RoslynAnalysisRunner will not be running.
RoslynAnalysisRunner has terminated.
Mono: successfully reloaded assembly
- Completed reload, in  1.048 seconds
Platform modules already initialized, skipping
========================================================================
Worker process is ready to serve import requests
Launched and connected shader compiler UnityShaderCompiler.exe after 0.04 seconds
Refreshing native plugins compatible for Editor in 0.51 ms, found 1 plugins.
Preloading 0 native plugins for Editor in 0.00 ms.
Unloading 1818 Unused Serialized files (Serialized files now loaded: 0)
System memory in use before: 86.2 MB.
System memory in use after: 86.3 MB.

Unloading 19 unused Assets to reduce memory usage. Loaded Objects now: 2264.
Total: 1.778700 ms (FindLiveObjects: 0.171900 ms CreateObjectMapping: 0.039900 ms MarkObjects: 1.498700 ms  DeleteObjects: 0.067000 ms)

========================================================================
Received Prepare
Refreshing native plugins compatible for Editor in 1.93 ms, found 1 plugins.
Preloading 0 native plugins for Editor in 0.00 ms.
Unloading 6 Unused Serialized files (Serialized files now loaded: 0)
System memory in use before: 49.4 MB.
System memory in use after: 49.5 MB.

Unloading 5 unused Assets to reduce memory usage. Loaded Objects now: 2264.
Total: 2.172300 ms (FindLiveObjects: 0.263500 ms CreateObjectMapping: 0.064600 ms MarkObjects: 1.828800 ms  DeleteObjects: 0.014300 ms)

========================================================================
Received Import Request.
  path: Assets/Scenes/BlueWin.unity
  artifactKey: Guid(26e86a64c78c5c1408d327cfa09dfd10) Importer(815301076,1909f56bfc062723c751e8b465ee728b)
Start importing Assets/Scenes/BlueWin.unity using Guid(26e86a64c78c5c1408d327cfa09dfd10) Importer(815301076,1909f56bfc062723c751e8b465ee728b)  -> (artifact id: '7dea8c5c3eb2d82d8c16a30a20ff9b35') in 0.011845 seconds
  Import took 0.015640 seconds .

========================================================================
Received Import Request.
  Time since last request: 85.188188 seconds.
  path: Assets/Scenes/RedWin.unity
  artifactKey: Guid(73a6d8ce349ea9344b375c69e4ee4785) Importer(815301076,1909f56bfc062723c751e8b465ee728b)
Start importing Assets/Scenes/RedWin.unity using Guid(73a6d8ce349ea9344b375c69e4ee4785) Importer(815301076,1909f56bfc062723c751e8b465ee728b)  -> (artifact id: '12adf07bd7c002cff5993dc999e0a063') in 0.002908 seconds
  Import took 0.005893 seconds .

========================================================================
Received Import Request.
  Time since last request: 0.009391 seconds.
  path: Assets/Scenes/RedWin.unity
  artifactKey: Guid(73a6d8ce349ea9344b375c69e4ee4785) Importer(815301076,1909f56bfc062723c751e8b465ee728b)
Start importing Assets/Scenes/RedWin.unity using Guid(73a6d8ce349ea9344b375c69e4ee4785) Importer(815301076,1909f56bfc062723c751e8b465ee728b)  -> (artifact id: '12adf07bd7c002cff5993dc999e0a063') in 0.002788 seconds
  Import took 0.005373 seconds .

========================================================================
Received Prepare
Registering precompiled user dll's ...
Registered in 0.000714 seconds.
Begin MonoManager ReloadAssembly
Native extension for WindowsStandalone target not found
Refreshing native plugins compatible for Editor in 0.54 ms, found 1 plugins.
Preloading 0 native plugins for Editor in 0.00 ms.
Invoked RoslynAnalysisRunner static constructor.
RoslynAnalysisRunner will not be running.
RoslynAnalysisRunner has terminated.
Mono: successfully reloaded assembly
- Completed reload, in  1.062 seconds
Platform modules already initialized, skipping
Switching build target platform(5) subTarget(0) extendedPlatform(0) -> platform(13) subTarget(537395200) extendedPlatform(0)
Refreshing native plugins compatible for Editor in 0.32 ms, found 1 plugins.
Preloading 0 native plugins for Editor in 0.00 ms.
Unloading 1801 Unused Serialized files (Serialized files now loaded: 0)
System memory in use before: 84.9 MB.
System memory in use after: 85.0 MB.

Unloading 8 unused Assets to reduce memory usage. Loaded Objects now: 2266.
Total: 1.714300 ms (FindLiveObjects: 0.197100 ms CreateObjectMapping: 0.040300 ms MarkObjects: 1.462800 ms  DeleteObjects: 0.013300 ms)

AssetImportParameters requested are different than current active one (requested -> active):
  custom:graphics/normal-map-encoding: 01000000000000000000000000000000 -> 02000000000000000000000000000000
========================================================================
Received Import Request.
  Time since last request: 24.713792 seconds.
  path: Assets/Scenes/BlueWin.unity
  artifactKey: Guid(26e86a64c78c5c1408d327cfa09dfd10) Importer(815301076,1909f56bfc062723c751e8b465ee728b)
Start importing Assets/Scenes/BlueWin.unity using Guid(26e86a64c78c5c1408d327cfa09dfd10) Importer(815301076,1909f56bfc062723c751e8b465ee728b)  -> (artifact id: 'ff3437a529cfd13b47683764f9efe03e') in 0.012061 seconds
  Import took 0.014816 seconds .

========================================================================
Received Prepare
Registering precompiled user dll's ...
Registered in 0.001005 seconds.
Begin MonoManager ReloadAssembly
Native extension for WindowsStandalone target not found
Refreshing native plugins compatible for Editor in 0.39 ms, found 1 plugins.
Preloading 0 native plugins for Editor in 0.00 ms.
Invoked RoslynAnalysisRunner static constructor.
RoslynAnalysisRunner will not be running.
RoslynAnalysisRunner has terminated.
Mono: successfully reloaded assembly
- Completed reload, in  1.032 seconds
Platform modules already initialized, skipping
Switching build target platform(5) subTarget(0) extendedPlatform(0) -> platform(13) subTarget(537395200) extendedPlatform(0)
Refreshing native plugins compatible for Editor in 0.32 ms, found 1 plugins.
Preloading 0 native plugins for Editor in 0.00 ms.
Unloading 1801 Unused Serialized files (Serialized files now loaded: 0)
System memory in use before: 84.9 MB.
System memory in use after: 85.0 MB.

Unloading 8 unused Assets to reduce memory usage. Loaded Objects now: 2268.
Total: 1.739700 ms (FindLiveObjects: 0.168200 ms CreateObjectMapping: 0.039400 ms MarkObjects: 1.516100 ms  DeleteObjects: 0.014900 ms)

AssetImportParameters requested are different than current active one (requested -> active):
  custom:graphics/normal-map-encoding: 01000000000000000000000000000000 -> 02000000000000000000000000000000
========================================================================
Received Import Request.
  Time since last request: 7.627359 seconds.
  path: Assets/Scenes/RedWin.unity
  artifactKey: Guid(73a6d8ce349ea9344b375c69e4ee4785) Importer(815301076,1909f56bfc062723c751e8b465ee728b)
Start importing Assets/Scenes/RedWin.unity using Guid(73a6d8ce349ea9344b375c69e4ee4785) Importer(815301076,1909f56bfc062723c751e8b465ee728b)  -> (artifact id: 'fb2135307a0446dd334e0bad9d005e95') in 0.010984 seconds
  Import took 0.013673 seconds .

========================================================================
Received Import Request.
  Time since last request: 2.780160 seconds.
  path: Assets/Scenes/SampleScene.unity
  artifactKey: Guid(2cda990e2423bbf4892e6590ba056729) Importer(815301076,1909f56bfc062723c751e8b465ee728b)
Start importing Assets/Scenes/SampleScene.unity using Guid(2cda990e2423bbf4892e6590ba056729) Importer(815301076,1909f56bfc062723c751e8b465ee728b)  -> (artifact id: '7b6e9bf4533949a64fdca79a8420e938') in 0.003923 seconds
  Import took 0.007216 seconds .

========================================================================
Received Import Request.
  Time since last request: 86.271868 seconds.
  path: Assets/Scenes/EzMode.unity
  artifactKey: Guid(322a684099977c344855ea5420aa732e) Importer(815301076,1909f56bfc062723c751e8b465ee728b)
Start importing Assets/Scenes/EzMode.unity using Guid(322a684099977c344855ea5420aa732e) Importer(815301076,1909f56bfc062723c751e8b465ee728b)  -> (artifact id: 'd94208a4141eb4fd396c5747268ae2aa') in 0.002975 seconds
  Import took 0.005581 seconds .

========================================================================
Received Import Request.
  Time since last request: 2.326783 seconds.
  path: Assets/Scenes/RedWin.unity
  artifactKey: Guid(73a6d8ce349ea9344b375c69e4ee4785) Importer(815301076,1909f56bfc062723c751e8b465ee728b)
Start importing Assets/Scenes/RedWin.unity using Guid(73a6d8ce349ea9344b375c69e4ee4785) Importer(815301076,1909f56bfc062723c751e8b465ee728b)  -> (artifact id: '918589aef65d233be59e154ba2627336') in 0.002923 seconds
  Import took 0.005789 seconds .

========================================================================
Received Import Request.
  Time since last request: 14.956983 seconds.
  path: Assets/Scenes/BlueWin.unity
  artifactKey: Guid(26e86a64c78c5c1408d327cfa09dfd10) Importer(815301076,1909f56bfc062723c751e8b465ee728b)
Start importing Assets/Scenes/BlueWin.unity using Guid(26e86a64c78c5c1408d327cfa09dfd10) Importer(815301076,1909f56bfc062723c751e8b465ee728b)  -> (artifact id: 'cec2f844921c2e08ddc1c4ee023adcd6') in 0.003798 seconds
  Import took 0.006474 seconds .

========================================================================
Received Import Request.
  Time since last request: 21.721934 seconds.
  path: Assets/Scenes/RedWin.unity
  artifactKey: Guid(73a6d8ce349ea9344b375c69e4ee4785) Importer(815301076,1909f56bfc062723c751e8b465ee728b)
Start importing Assets/Scenes/RedWin.unity using Guid(73a6d8ce349ea9344b375c69e4ee4785) Importer(815301076,1909f56bfc062723c751e8b465ee728b)  -> (artifact id: 'cbed80738d31d9ec2c3313affcf01f99') in 0.003245 seconds
  Import took 0.006178 seconds .

========================================================================
Received Import Request.
  Time since last request: 69.729797 seconds.
  path: Assets/Scenes/RedWin.unity
  artifactKey: Guid(73a6d8ce349ea9344b375c69e4ee4785) Importer(815301076,1909f56bfc062723c751e8b465ee728b)
Start importing Assets/Scenes/RedWin.unity using Guid(73a6d8ce349ea9344b375c69e4ee4785) Importer(815301076,1909f56bfc062723c751e8b465ee728b)  -> (artifact id: 'f1444822dcd6d25f02f8f32189f0bd46') in 0.002948 seconds
  Import took 0.006169 seconds .

========================================================================
Received Import Request.
  Time since last request: 53.309649 seconds.
  path: Assets/Scenes/RedWin.unity
  artifactKey: Guid(73a6d8ce349ea9344b375c69e4ee4785) Importer(815301076,1909f56bfc062723c751e8b465ee728b)
Start importing Assets/Scenes/RedWin.unity using Guid(73a6d8ce349ea9344b375c69e4ee4785) Importer(815301076,1909f56bfc062723c751e8b465ee728b)  -> (artifact id: 'd26ab475aee18889de3f7a13e8a07eb8') in 0.003026 seconds
  Import took 0.005702 seconds .

========================================================================
Received Import Request.
  Time since last request: 12.120130 seconds.
  path: Assets/Scenes/BlueWin.unity
  artifactKey: Guid(26e86a64c78c5c1408d327cfa09dfd10) Importer(815301076,1909f56bfc062723c751e8b465ee728b)
Start importing Assets/Scenes/BlueWin.unity using Guid(26e86a64c78c5c1408d327cfa09dfd10) Importer(815301076,1909f56bfc062723c751e8b465ee728b)  -> (artifact id: '900816b81fac6ad5f56218527437ce3a') in 0.002817 seconds
  Import took 0.005481 seconds .

========================================================================
Received Import Request.
  Time since last request: 3.691196 seconds.
  path: Assets/Scenes/RedWin.unity
  artifactKey: Guid(73a6d8ce349ea9344b375c69e4ee4785) Importer(815301076,1909f56bfc062723c751e8b465ee728b)
Start importing Assets/Scenes/RedWin.unity using Guid(73a6d8ce349ea9344b375c69e4ee4785) Importer(815301076,1909f56bfc062723c751e8b465ee728b)  -> (artifact id: '4172eac9b20ab470f92e83b9a2577db2') in 0.003205 seconds
  Import took 0.005854 seconds .

========================================================================
Received Import Request.
  Time since last request: 100.988357 seconds.
  path: Assets/Scenes/RedWin.unity
  artifactKey: Guid(73a6d8ce349ea9344b375c69e4ee4785) Importer(815301076,1909f56bfc062723c751e8b465ee728b)
Start importing Assets/Scenes/RedWin.unity using Guid(73a6d8ce349ea9344b375c69e4ee4785) Importer(815301076,1909f56bfc062723c751e8b465ee728b)  -> (artifact id: 'c9432b78b0f5e3744071443858c30e43') in 0.003077 seconds
  Import took 0.005764 seconds .

========================================================================
Received Import Request.
  Time since last request: 138.571093 seconds.
  path: Assets/Scenes/RedWin.unity
  artifactKey: Guid(73a6d8ce349ea9344b375c69e4ee4785) Importer(815301076,1909f56bfc062723c751e8b465ee728b)
Start importing Assets/Scenes/RedWin.unity using Guid(73a6d8ce349ea9344b375c69e4ee4785) Importer(815301076,1909f56bfc062723c751e8b465ee728b)  -> (artifact id: 'd6966d26813f485e1c7ed49c7b2a958f') in 0.002822 seconds
  Import took 0.005567 seconds .

========================================================================
Received Import Request.
  Time since last request: 17.539064 seconds.
  path: Assets/Scenes/SampleScene.unity
  artifactKey: Guid(2cda990e2423bbf4892e6590ba056729) Importer(815301076,1909f56bfc062723c751e8b465ee728b)
Start importing Assets/Scenes/SampleScene.unity using Guid(2cda990e2423bbf4892e6590ba056729) Importer(815301076,1909f56bfc062723c751e8b465ee728b)  -> (artifact id: '0c0bca470e1135896c4eead1c993ef80') in 0.003076 seconds
  Import took 0.005803 seconds .

========================================================================
Received Import Request.
  Time since last request: 91.204583 seconds.
  path: Assets/Scenes/Start.unity
  artifactKey: Guid(0bf13449c024fad418cb63abf51f4300) Importer(815301076,1909f56bfc062723c751e8b465ee728b)
Start importing Assets/Scenes/Start.unity using Guid(0bf13449c024fad418cb63abf51f4300) Importer(815301076,1909f56bfc062723c751e8b465ee728b)  -> (artifact id: '8aa549e1646d34ef86d79c598aeb5f64') in 0.003331 seconds
  Import took 0.007408 seconds .

========================================================================
Received Import Request.
  Time since last request: 8.296508 seconds.
  path: Assets/Scenes/SampleScene.unity
  artifactKey: Guid(2cda990e2423bbf4892e6590ba056729) Importer(815301076,1909f56bfc062723c751e8b465ee728b)
Start importing Assets/Scenes/SampleScene.unity using Guid(2cda990e2423bbf4892e6590ba056729) Importer(815301076,1909f56bfc062723c751e8b465ee728b)  -> (artifact id: 'c3ea8d06123c149aa45b53cd6b467986') in 0.002969 seconds
  Import took 0.005599 seconds .

========================================================================
Received Prepare
Registering precompiled user dll's ...
Registered in 0.000822 seconds.
Begin MonoManager ReloadAssembly
Native extension for WindowsStandalone target not found
Refreshing native plugins compatible for Editor in 0.47 ms, found 1 plugins.
Preloading 0 native plugins for Editor in 0.00 ms.
Invoked RoslynAnalysisRunner static constructor.
RoslynAnalysisRunner will not be running.
RoslynAnalysisRunner has terminated.
Mono: successfully reloaded assembly
- Completed reload, in  0.998 seconds
Platform modules already initialized, skipping
Switching build target platform(5) subTarget(0) extendedPlatform(0) -> platform(13) subTarget(537395200) extendedPlatform(0)
Refreshing native plugins compatible for Editor in 0.36 ms, found 1 plugins.
Preloading 0 native plugins for Editor in 0.00 ms.
Unloading 1801 Unused Serialized files (Serialized files now loaded: 0)
System memory in use before: 85.0 MB.
System memory in use after: 85.1 MB.

Unloading 8 unused Assets to reduce memory usage. Loaded Objects now: 2270.
Total: 1.887900 ms (FindLiveObjects: 0.161200 ms CreateObjectMapping: 0.040400 ms MarkObjects: 1.669200 ms  DeleteObjects: 0.016000 ms)

AssetImportParameters requested are different than current active one (requested -> active):
  custom:graphics/normal-map-encoding: 01000000000000000000000000000000 -> 02000000000000000000000000000000
========================================================================
Received Import Request.
  Time since last request: 436.581102 seconds.
  path: Assets/Scenes/Start.unity
  artifactKey: Guid(0bf13449c024fad418cb63abf51f4300) Importer(815301076,1909f56bfc062723c751e8b465ee728b)
Start importing Assets/Scenes/Start.unity using Guid(0bf13449c024fad418cb63abf51f4300) Importer(815301076,1909f56bfc062723c751e8b465ee728b)  -> (artifact id: '2640bd6c7e8937cabab26650a6f56767') in 0.012527 seconds
  Import took 0.015386 seconds .

========================================================================
Received Prepare
Refreshing native plugins compatible for Editor in 1.47 ms, found 1 plugins.
Preloading 0 native plugins for Editor in 0.00 ms.
Unloading 6 Unused Serialized files (Serialized files now loaded: 0)
System memory in use before: 49.7 MB.
System memory in use after: 49.9 MB.

Unloading 5 unused Assets to reduce memory usage. Loaded Objects now: 2270.
Total: 2.487200 ms (FindLiveObjects: 0.197300 ms CreateObjectMapping: 0.042800 ms MarkObjects: 2.231300 ms  DeleteObjects: 0.014700 ms)

AssetImportWorkerClient::OnTransportError - code=2 error=End of file
